280 2016-05-20/15:37:17 [INF] 个人天统计：用户【397205】,活动【6948】,起始时间【1462636800-1463414400】统计完毕
237 2016-05-20/15:37:17 [INF] 个人总统计：用户【397205】,活动【6948】,起始时间【1450972800-1463673600】统计完毕
280 2016-05-20/15:39:14 [INF] 个人天统计：用户【397205】,活动【6948】,起始时间【1462636800-1463414400】统计完毕
237 2016-05-20/15:39:14 [INF] 个人总统计：用户【397205】,活动【6948】,起始时间【1450972800-1463673600】统计完毕
280 2016-05-20/15:39:20 [INF] 个人天统计：用户【397205】,活动【6948】,起始时间【1462636800-1463414400】统计完毕
237 2016-05-20/15:39:20 [INF] 个人总统计：用户【397205】,活动【6948】,起始时间【1450972800-1463673600】统计完毕
280 2016-05-20/15:39:24 [INF] 个人天统计：用户【397205】,活动【6948】,起始时间【1462636800-1463414400】统计完毕
237 2016-05-20/15:39:24 [INF] 个人总统计：用户【397205】,活动【6948】,起始时间【1450972800-1463673600】统计完毕
280 2016-05-20/15:39:53 [INF] 个人天统计：用户【397205】,活动【6948】,起始时间【1462636800-1463414400】统计完毕
237 2016-05-20/15:39:53 [INF] 个人总统计：用户【397205】,活动【6948】,起始时间【1450972800-1463673600】统计完毕
280 2016-05-20/15:39:58 [INF] 个人天统计：用户【397205】,活动【6948】,起始时间【1462636800-1463414400】统计完毕
237 2016-05-20/15:39:58 [INF] 个人总统计：用户【397205】,活动【6948】,起始时间【1450972800-1463673600】统计完毕
455 2016-05-20/15:40:17 [INF] 任务加分：用户【397205】,活动【6948】,加分【%!d(float64=14285.714285714286)】,类型【手动】,时间【1463500800】统计完毕
237 2016-05-20/15:40:17 [INF] 个人总统计：用户【397205】,活动【6948】,起始时间【1450972800-1463673600】统计完毕
455 2016-05-20/15:52:00 [INF] 任务加分：用户【397205】,活动【6948】,加分【14285.714】,类型【手动】,时间【1463328000】统计完毕
237 2016-05-20/15:52:00 [INF] 个人总：用户【397205】,活动【6948】,起始时间【1450972800-1463673600】统计完毕
455 2016-05-20/15:52:22 [INF] 任务加分：用户【397205】,活动【6948】,加分【14285.714】,类型【手动】,时间【1463328000】统计完毕
237 2016-05-20/15:52:22 [INF] 个人总：用户【397205】,活动【6948】,起始时间【1450972800-1463673600】统计完毕
455 2016-05-20/15:52:35 [INF] 任务加分：用户【397205】,活动【6948】,加分【14285.714】,类型【手动】,时间【1463328000】统计完毕
237 2016-05-20/15:52:35 [INF] 个人总：用户【397205】,活动【6948】,起始时间【1450972800-1463673600】统计完毕
455 2016-05-20/15:52:44 [INF] 任务加分：用户【397205】,活动【6948】,加分【14285.714】,类型【手动】,时间【1463328000】统计完毕
237 2016-05-20/15:52:44 [INF] 个人总：用户【397205】,活动【6948】,起始时间【1450972800-1463673600】统计完毕
455 2016-05-20/15:52:47 [INF] 任务加分：用户【397205】,活动【6948】,加分【14285.714】,类型【手动】,时间【1463328000】统计完毕
237 2016-05-20/15:52:47 [INF] 个人总：用户【397205】,活动【6948】,起始时间【1450972800-1463673600】统计完毕
455 2016-05-20/15:52:47 [INF] 任务加分：用户【397205】,活动【6948】,加分【14285.714】,类型【手动】,时间【1463328000】统计完毕
237 2016-05-20/15:52:47 [INF] 个人总：用户【397205】,活动【6948】,起始时间【1450972800-1463673600】统计完毕
455 2016-05-20/15:52:48 [INF] 任务加分：用户【397205】,活动【6948】,加分【14285.714】,类型【手动】,时间【1463328000】统计完毕
237 2016-05-20/15:52:48 [INF] 个人总：用户【397205】,活动【6948】,起始时间【1450972800-1463673600】统计完毕
455 2016-05-20/15:52:49 [INF] 任务加分：用户【397205】,活动【6948】,加分【14285.714】,类型【手动】,时间【1463328000】统计完毕
237 2016-05-20/15:52:49 [INF] 个人总：用户【397205】,活动【6948】,起始时间【1450972800-1463673600】统计完毕
455 2016-05-20/15:52:49 [INF] 任务加分：用户【397205】,活动【6948】,加分【14285.714】,类型【手动】,时间【1463328000】统计完毕
237 2016-05-20/15:52:49 [INF] 个人总：用户【397205】,活动【6948】,起始时间【1450972800-1463673600】统计完毕
455 2016-05-20/15:52:50 [INF] 任务加分：用户【397205】,活动【6948】,加分【14285.714】,类型【手动】,时间【1463328000】统计完毕
455 2016-05-20/15:52:50 [INF] 任务加分：用户【397205】,活动【6948】,加分【14285.714】,类型【手动】,时间【1463328000】统计完毕
237 2016-05-20/15:52:50 [INF] 个人总：用户【397205】,活动【6948】,起始时间【1450972800-1463673600】统计完毕
237 2016-05-20/15:52:50 [INF] 个人总：用户【397205】,活动【6948】,起始时间【1450972800-1463673600】统计完毕
455 2016-05-20/15:52:51 [INF] 任务加分：用户【397205】,活动【6948】,加分【14285.714】,类型【手动】,时间【1463328000】统计完毕
455 2016-05-20/15:52:51 [INF] 任务加分：用户【397205】,活动【6948】,加分【14285.714】,类型【手动】,时间【1463328000】统计完毕
237 2016-05-20/15:52:51 [INF] 个人总：用户【397205】,活动【6948】,起始时间【1450972800-1463673600】统计完毕
237 2016-05-20/15:52:51 [INF] 个人总：用户【397205】,活动【6948】,起始时间【1450972800-1463673600】统计完毕
455 2016-05-20/15:53:50 [INF] 任务加分：用户【397205】,活动【6948】,加分【14285.714】,类型【手动】,时间【1463328000】统计完毕
237 2016-05-20/15:53:50 [INF] 个人总：用户【397205】,活动【6948】,起始时间【1450972800-1463673600】统计完毕
455 2016-05-20/15:53:50 [INF] 任务加分：用户【397205】,活动【6948】,加分【14285.714】,类型【手动】,时间【1463328000】统计完毕
237 2016-05-20/15:53:50 [INF] 个人总：用户【397205】,活动【6948】,起始时间【1450972800-1463673600】统计完毕
455 2016-05-20/15:53:50 [INF] 任务加分：用户【397205】,活动【6948】,加分【14285.714】,类型【手动】,时间【1463328000】统计完毕
237 2016-05-20/15:53:50 [INF] 个人总：用户【397205】,活动【6948】,起始时间【1450972800-1463673600】统计完毕
455 2016-05-20/15:53:50 [INF] 任务加分：用户【397205】,活动【6948】,加分【14285.714】,类型【手动】,时间【1463328000】统计完毕
237 2016-05-20/15:53:50 [INF] 个人总：用户【397205】,活动【6948】,起始时间【1450972800-1463673600】统计完毕
455 2016-05-20/15:53:50 [INF] 任务加分：用户【397205】,活动【6948】,加分【14285.714】,类型【手动】,时间【1463328000】统计完毕
237 2016-05-20/15:53:50 [INF] 个人总：用户【397205】,活动【6948】,起始时间【1450972800-1463673600】统计完毕
455 2016-05-20/15:53:51 [INF] 任务加分：用户【397205】,活动【6948】,加分【14285.714】,类型【手动】,时间【1463328000】统计完毕
455 2016-05-20/15:53:51 [INF] 任务加分：用户【397205】,活动【6948】,加分【14285.714】,类型【手动】,时间【1463328000】统计完毕
237 2016-05-20/15:53:51 [INF] 个人总：用户【397205】,活动【6948】,起始时间【1450972800-1463673600】统计完毕
237 2016-05-20/15:53:51 [INF] 个人总：用户【397205】,活动【6948】,起始时间【1450972800-1463673600】统计完毕
455 2016-05-20/15:53:51 [INF] 任务加分：用户【397205】,活动【6948】,加分【14285.714】,类型【手动】,时间【1463328000】统计完毕
455 2016-05-20/15:53:51 [INF] 任务加分：用户【397205】,活动【6948】,加分【14285.714】,类型【手动】,时间【1463328000】统计完毕
455 2016-05-20/15:53:51 [INF] 任务加分：用户【397205】,活动【6948】,加分【14285.714】,类型【手动】,时间【1463328000】统计完毕
237 2016-05-20/15:53:51 [INF] 个人总：用户【397205】,活动【6948】,起始时间【1450972800-1463673600】统计完毕
237 2016-05-20/15:53:51 [INF] 个人总：用户【397205】,活动【6948】,起始时间【1450972800-1463673600】统计完毕
237 2016-05-20/15:53:51 [INF] 个人总：用户【397205】,活动【6948】,起始时间【1450972800-1463673600】统计完毕
455 2016-05-20/15:53:52 [INF] 任务加分：用户【397205】,活动【6948】,加分【14285.714】,类型【手动】,时间【1463328000】统计完毕
237 2016-05-20/15:53:52 [INF] 个人总：用户【397205】,活动【6948】,起始时间【1450972800-1463673600】统计完毕
136 2016-05-26/11:17:41 [INF] 加分消息来到了，{175261 1 8801 40 1 1462291200}
138 2016-05-27/17:32:27 [INF] 加分消息来到了，{175275 1 8188 40 0.065 1464278400}
457 2016-05-27/17:32:27 [INF] 任务加分：用户【40】,活动【8188】,加分【0.065】,类型【手动】,时间【1464278400】统计完毕
237 2016-05-27/17:32:27 [INF] 个人总：用户【40】,活动【8188】,起始时间【1453046400-1464278400】统计完毕
138 2016-05-27/17:32:45 [INF] 加分消息来到了，{175275 0 8188 40 0.065 1464278400}
237 2016-05-27/17:32:45 [INF] 个人总：用户【40】,活动【8188】,起始时间【1453046400-1464278400】统计完毕
138 2016-05-27/17:33:39 [INF] 加分消息来到了，{175275 0 8188 40 0.065 1464278400}
457 2016-05-27/17:33:39 [INF] 任务加分：用户【40】,活动【8188】,加分【0.065】,类型【任务】,时间【1464278400】统计完毕
237 2016-05-27/17:33:39 [INF] 个人总：用户【40】,活动【8188】,起始时间【1453046400-1464278400】统计完毕
138 2016-05-27/17:34:25 [INF] 加分消息来到了，{175275 0 8188 40 0.065 1464278400}
457 2016-05-27/17:34:25 [INF] 任务加分：用户【40】,活动【8188】,加分【0.065】,类型【任务】,时间【1464278400】统计完毕
237 2016-05-27/17:34:25 [INF] 个人总：用户【40】,活动【8188】,起始时间【1453046400-1464278400】统计完毕
138 2016-05-27/17:34:31 [INF] 加分消息来到了，{175275 0 8188 40 0.065 1464278400}
457 2016-05-27/17:34:31 [INF] 任务加分：用户【40】,活动【8188】,加分【0.065】,类型【任务】,时间【1464278400】统计完毕
237 2016-05-27/17:34:31 [INF] 个人总：用户【40】,活动【8188】,起始时间【1453046400-1464278400】统计完毕
138 2016-05-27/17:34:36 [INF] 加分消息来到了，{175275 0 8188 40 0.065 1464278400}
457 2016-05-27/17:34:36 [INF] 任务加分：用户【40】,活动【8188】,加分【0.065】,类型【任务】,时间【1464278400】统计完毕
237 2016-05-27/17:34:36 [INF] 个人总：用户【40】,活动【8188】,起始时间【1453046400-1464278400】统计完毕
138 2016-05-27/17:40:08 [INF] 加分消息来到了，{175275 1 8188 40 0.065 1464278400}
459 2016-05-27/17:40:08 [INF] 任务加分：用户【40】,活动【8188】,加分【0.065】,类型【手动】,时间【1464278400】统计完毕
237 2016-05-27/17:40:08 [INF] 个人总：用户【40】,活动【8188】,起始时间【1453046400-1464278400】统计完毕
138 2016-05-27/17:41:59 [INF] 加分消息来到了，{175279 1 8801 40 1 1463414400}
138 2016-05-27/17:43:54 [INF] 加分消息来到了，{175279 1 8801 40 1 1463414400}
138 2016-05-27/17:46:00 [INF] 加分消息来到了，{175279 1 8801 40 1 1463414400}
459 2016-05-27/17:46:00 [INF] 任务加分：用户【40】,活动【8801】,加分【1428.571】,类型【手动】,时间【1463414400】统计完毕
237 2016-05-27/17:46:00 [INF] 个人总：用户【40】,活动【8801】,起始时间【1460476800-1464278400】统计完毕
138 2016-05-27/17:46:38 [INF] 加分消息来到了，{175279 0 8801 40 1 1463414400}
459 2016-05-27/17:46:38 [INF] 任务加分：用户【40】,活动【8801】,加分【1428.571】,类型【任务】,时间【1463414400】统计完毕
237 2016-05-27/17:46:38 [INF] 个人总：用户【40】,活动【8801】,起始时间【1460476800-1464278400】统计完毕
138 2016-05-27/17:46:54 [INF] 加分消息来到了，{175279 0 8801 40 1 1463414400}
459 2016-05-27/17:46:54 [INF] 任务加分：用户【40】,活动【8801】,加分【1428.571】,类型【任务】,时间【1463414400】统计完毕
237 2016-05-27/17:46:54 [INF] 个人总：用户【40】,活动【8801】,起始时间【1460476800-1464278400】统计完毕
